<?xml version="1.0" encoding="UTF-8"?>
<!-- Generated by org.testng.reporters.JUnitReportReporter -->
<testsuite hostname="Lenovo-T16" failures="0" tests="1" name="com.todo.tests.AddTodoTest" time="5.940" errors="0" timestamp="2023-11-22T21:50:44 CET" skipped="0">
  <testcase classname="com.todo.tests.AddTodoTest" name="iCanAddTodo" time="5.940"/>
</testsuite> <!-- com.todo.tests.AddTodoTest -->
